<?xml version="1.0" encoding="UTF-8"?>
<!-- Generated by org.testng.reporters.JUnitReportReporter -->
<testsuite hostname="DESKTOP-6UE8ILS" failures="0" tests="3" name="FirstTestNgTutorial.FirstTestNgscript" time="0.038" errors="0" timestamp="2019-11-30T11:13:27 IST" skipped="0">
  <testcase classname="FirstTestNgTutorial.FirstTestNgscript" name="selectItems" time="0.006"/>
  <testcase classname="FirstTestNgTutorial.FirstTestNgscript" name="loginApplication" time="0.010"/>
  <testcase classname="FirstTestNgTutorial.FirstTestNgscript" name="checkOut" time="0.022"/>
</testsuite> <!-- FirstTestNgTutorial.FirstTestNgscript -->
